2020-05-19 16:40:15,548 - __main__ - INFO - 0: /rechtschreibung/Haus
2020-05-19 16:40:19,679 - __main__ - INFO - 1: /rechtschreibung/Hausaltar
2020-05-19 16:40:23,378 - __main__ - INFO - 2: /rechtschreibung/Hausandacht
2020-05-19 16:40:25,309 - __main__ - INFO - 3: /rechtschreibung/Hausangestellte
2020-05-19 16:40:27,572 - __main__ - INFO - 4: /rechtschreibung/Hausangestellter
2020-05-19 16:40:33,050 - __main__ - INFO - 5: /rechtschreibung/Hausanschluss
2020-05-19 16:40:37,422 - __main__ - INFO - 6: /rechtschreibung/Hausantenne
2020-05-19 16:40:41,025 - __main__ - INFO - 7: /rechtschreibung/Hausanzug
2020-05-19 16:40:47,124 - __main__ - INFO - 8: /rechtschreibung/Hausapotheke
2020-05-19 16:40:51,321 - __main__ - INFO - 9: /rechtschreibung/Hausarbeit
2020-05-19 16:40:53,849 - __main__ - INFO - 10: /rechtschreibung/Hausarbeitstag
2020-05-19 16:40:56,362 - __main__ - INFO - 11: /rechtschreibung/Hausarrest
2020-05-19 16:40:57,768 - __main__ - INFO - 12: /rechtschreibung/Hausartikel
2020-05-19 16:41:00,423 - __main__ - INFO - 13: /rechtschreibung/Hausarznei
2020-05-19 16:41:01,896 - __main__ - INFO - 14: /rechtschreibung/Hausarzt
2020-05-19 16:41:04,321 - __main__ - INFO - 15: /rechtschreibung/Hausaerztin
2020-05-19 16:41:08,043 - __main__ - INFO - 16: /rechtschreibung/hausaerztlich
2020-05-19 16:41:11,925 - __main__ - INFO - 17: /rechtschreibung/Hausarztpraxis
2020-05-19 16:41:16,133 - __main__ - INFO - 18: /rechtschreibung/Hausaufgabe
2020-05-19 16:41:20,366 - __main__ - INFO - 19: /rechtschreibung/Hausaufgabenbetreuung
2020-05-19 16:41:23,692 - __main__ - INFO - 20: /rechtschreibung/Hausaufgabenheft
2020-05-19 16:41:25,314 - __main__ - INFO - 21: /rechtschreibung/Hausaufgabenhilfe
2020-05-19 16:41:28,286 - __main__ - INFO - 22: /rechtschreibung/Hausaufsatz
2020-05-19 16:41:31,033 - __main__ - INFO - 23: /rechtschreibung/Hausautor
2020-05-19 16:41:35,965 - __main__ - INFO - 24: /rechtschreibung/Hausautorin
2020-05-19 16:41:37,106 - __main__ - INFO - 25: /rechtschreibung/hausbacken
2020-05-19 16:41:38,666 - __main__ - INFO - 26: /rechtschreibung/Hausball
2020-05-19 16:41:41,016 - __main__ - INFO - 27: /rechtschreibung/Hausbank
2020-05-19 16:41:46,934 - __main__ - INFO - 28: /rechtschreibung/Hausbar
2020-05-19 16:41:51,065 - __main__ - INFO - 29: /rechtschreibung/Hausbau
2020-05-19 18:03:01,609 - __main__ - DEBUG - KEYBOARD INTERRUPTION
